<?xml version="1.0" encoding="UTF-8"?>
<!-- Generated by org.testng.reporters.JUnitReportReporter -->
<testsuite skipped="0" hostname="LP-5CD7465GP0" name="com.Appium.testrunner.AmazonAppLaunch" tests="1" failures="0" timestamp="18 Dec 2019 07:53:34 GMT" time="108.253" errors="0">
  <testcase name="feature" time="108.253" classname="com.Appium.testrunner.AmazonAppLaunch"/>
</testsuite> <!-- com.Appium.testrunner.AmazonAppLaunch -->
