<?xml version="1.0" encoding="UTF-8"?>
<!-- Generated by org.testng.reporters.JUnitReportReporter -->
<testsuite hostname="LP-5CD7465GP0" name="com.Appium.Tutorial6" tests="1" failures="0" timestamp="14 Mar 2019 12:20:43 GMT" time="35.557" errors="0">
  <testcase name="validateText" time="35.557" classname="com.Appium.Tutorial6"/>
</testsuite> <!-- com.Appium.Tutorial6 -->
