<?xml version="1.0" encoding="UTF-8"?>
<!-- Generated by org.testng.reporters.JUnitReportReporter -->
<testsuite hostname="LP-5CD7465GP0" name="com.Appium.testrunner.Add_two_number" tests="1" failures="0" timestamp="14 Mar 2019 10:31:26 GMT" time="28.031" errors="0">
  <testcase name="feature" time="28.031" classname="com.Appium.testrunner.Add_two_number"/>
</testsuite> <!-- com.Appium.testrunner.Add_two_number -->
