<?xml version="1.0" encoding="UTF-8"?>
<!-- Generated by org.testng.reporters.JUnitReportReporter -->
<testsuite skipped="0" hostname="LP-5CD7465GP0" name="com.Appium.testrunner.ApidemoAppLaunch" tests="1" failures="0" timestamp="11 Dec 2019 07:49:40 GMT" time="60.319" errors="0">
  <testcase name="feature" time="60.319" classname="com.Appium.testrunner.ApidemoAppLaunch"/>
</testsuite> <!-- com.Appium.testrunner.ApidemoAppLaunch -->
